<?xml version="1.0" encoding="UTF-8"?>
<testsuite name="PangramTest" tests="10" skipped="0" failures="0" errors="0" timestamp="2018-09-14T20:05:39" hostname="Ryans-MacBook-Pro.local" time="0.041">
  <properties/>
  <testcase name="perfectLowercasePangram" classname="PangramTest" time="0.036"/>
  <testcase name="lowercasePangram" classname="PangramTest" time="0.001"/>
  <testcase name="anotherMissingCharacterX" classname="PangramTest" time="0.0"/>
  <testcase name="emptySentence" classname="PangramTest" time="0.001"/>
  <testcase name="missingLettersReplacedByNumbers" classname="PangramTest" time="0.0"/>
  <testcase name="withNumbers" classname="PangramTest" time="0.001"/>
  <testcase name="mixedCaseAndPunctuation" classname="PangramTest" time="0.0"/>
  <testcase name="withUnderscores" classname="PangramTest" time="0.001"/>
  <testcase name="missingCharacterX" classname="PangramTest" time="0.0"/>
  <testcase name="mixedCaseDuplicatedCharacters" classname="PangramTest" time="0.0"/>
  <system-out><![CDATA[abcdefghijklmnopqrstuvwxyz
abcdefghijklmnopqrstuvwxyz
abcdefg?ijklmnopqrstuvwxyz
??????????????????????????
abcd?fgh?jklmnopqrs?uvwxyz
abcdefghijklmnopqrstuvwxyz
abcdefghijklmnopqrstuvwxyz
abcdefghijklmnopqrstuvwxyz
abcdefghijklmnopqrstuvw?yz
abc?ef?hijklmnopqrstuvwxyz
]]></system-out>
  <system-err><![CDATA[]]></system-err>
</testsuite>
