<?xml version="1.0" encoding="UTF-8"?>
<testsuite name="GigasecondTest" tests="5" skipped="0" failures="0" errors="0" timestamp="2018-09-17T04:08:15" hostname="Ryans-MacBook-Pro.local" time="0.062">
  <properties/>
  <testcase name="withFullTimeSpecified" classname="GigasecondTest" time="0.018"/>
  <testcase name="modernTime" classname="GigasecondTest" time="0.043"/>
  <testcase name="beforeEpochTime" classname="GigasecondTest" time="0.0"/>
  <testcase name="afterEpochTime" classname="GigasecondTest" time="0.0"/>
  <testcase name="withFullTimeSpecifiedAndDayRollover" classname="GigasecondTest" time="0.0"/>
  <system-out><![CDATA[]]></system-out>
  <system-err><![CDATA[]]></system-err>
</testsuite>
