<?xml version="1.0" encoding="UTF-8"?>
<testsuite name="LeapTest" tests="4" skipped="0" failures="0" errors="0" timestamp="2018-09-13T22:03:39" hostname="Ryans-MacBook-Pro.local" time="0.016">
  <properties/>
  <testcase name="yearDivisibleBy100NotDivisibleBy400" classname="LeapTest" time="0.015"/>
  <testcase name="yearNotDivisibleBy4" classname="LeapTest" time="0.0"/>
  <testcase name="yearDivisibleBy4NotDivisibleBy100" classname="LeapTest" time="0.0"/>
  <testcase name="yearDivisibleBy400" classname="LeapTest" time="0.0"/>
  <system-out><![CDATA[]]></system-out>
  <system-err><![CDATA[]]></system-err>
</testsuite>
